{"level":"info","message":"This is an info message","service":"your-service-name"}
{"level":"warn","message":"This is a warning message","service":"your-service-name"}
{"level":"error","message":"This is an error message","service":"your-service-name"}
{"level":"info","message":"This is an info message","service":"your-service-name"}
{"level":"warn","message":"This is a warning message","service":"your-service-name"}
{"level":"error","message":"This is an error message","service":"your-service-name"}
{"level":"info","message":"This is an info message","service":"your-service-name"}
{"level":"warn","message":"This is a warning message","service":"your-service-name"}
{"level":"error","message":"This is an error message","service":"your-service-name"}
{"level":"info","message":"This is an info message","service":"your-service-name"}
{"level":"warn","message":"This is a warning message","service":"your-service-name"}
{"level":"error","message":"This is an error message","service":"your-service-name"}
{"level":"info","message":"This is an info message","service":"your-service-name"}
{"level":"warn","message":"This is a warning message","service":"your-service-name"}
{"level":"error","message":"This is an error message","service":"your-service-name"}
{"level":"info","message":"This is an info message","service":"your-service-name"}
{"level":"warn","message":"This is a warning message","service":"your-service-name"}
{"level":"error","message":"This is an error message","service":"your-service-name"}
{"level":"info","message":"This is an info message","service":"your-service-name"}
{"level":"warn","message":"This is a warning message","service":"your-service-name"}
{"level":"error","message":"This is an error message","service":"your-service-name"}
{"level":"info","message":"This is an info message","service":"your-service-name"}
{"level":"warn","message":"This is a warning message","service":"your-service-name"}
{"level":"error","message":"This is an error message","service":"your-service-name"}
{"level":"info","message":"This is an info message","service":"your-service-name"}
{"level":"warn","message":"This is a warning message","service":"your-service-name"}
{"level":"error","message":"This is an error message","service":"your-service-name"}
{"level":"info","message":"This is an info message","service":"your-service-name"}
{"level":"warn","message":"This is a warning message","service":"your-service-name"}
{"level":"error","message":"This is an error message","service":"your-service-name"}
{"level":"info","message":"This is an info message","service":"your-service-name"}
{"level":"warn","message":"This is a warning message","service":"your-service-name"}
{"level":"error","message":"This is an error message","service":"your-service-name"}
{"level":"info","message":"This is an info message","service":"your-service-name"}
{"level":"warn","message":"This is a warning message","service":"your-service-name"}
{"level":"error","message":"This is an error message","service":"your-service-name"}
{"level":"info","message":"This is an info message","service":"your-service-name"}
{"level":"warn","message":"This is a warning message","service":"your-service-name"}
{"level":"error","message":"This is an error message","service":"your-service-name"}
{"level":"info","message":"This is an info message","service":"your-service-name"}
{"level":"warn","message":"This is a warning message","service":"your-service-name"}
{"level":"error","message":"This is an error message","service":"your-service-name"}
{"level":"info","message":"This is an info message","service":"your-service-name"}
{"level":"warn","message":"This is a warning message","service":"your-service-name"}
{"level":"error","message":"This is an error message","service":"your-service-name"}
{"level":"info","message":"This is an info message","service":"your-service-name"}
{"level":"warn","message":"This is a warning message","service":"your-service-name"}
{"level":"error","message":"This is an error message","service":"your-service-name"}
{"level":"info","message":"This is an info message","service":"your-service-name"}
{"level":"warn","message":"This is a warning message","service":"your-service-name"}
{"level":"error","message":"This is an error message","service":"your-service-name"}
{"level":"info","message":"This is an info message","service":"your-service-name"}
{"level":"warn","message":"This is a warning message","service":"your-service-name"}
{"level":"error","message":"This is an error message","service":"your-service-name"}
{"level":"info","message":"This is an info message","service":"your-service-name"}
{"level":"warn","message":"This is a warning message","service":"your-service-name"}
{"level":"error","message":"This is an error message","service":"your-service-name"}
{"level":"info","message":"This is an info message","service":"your-service-name"}
{"level":"warn","message":"This is a warning message","service":"your-service-name"}
{"level":"error","message":"This is an error message","service":"your-service-name"}
{"level":"info","message":"This is an info message","service":"your-service-name"}
{"level":"warn","message":"This is a warning message","service":"your-service-name"}
{"level":"error","message":"This is an error message","service":"your-service-name"}
{"level":"info","message":"This is an info message","service":"your-service-name"}
{"level":"warn","message":"This is a warning message","service":"your-service-name"}
{"level":"error","message":"This is an error message","service":"your-service-name"}
{"level":"info","message":"This is an info message","service":"your-service-name"}
{"level":"warn","message":"This is a warning message","service":"your-service-name"}
{"level":"error","message":"This is an error message","service":"your-service-name"}
{"level":"info","message":"This is an info message","service":"your-service-name"}
{"level":"warn","message":"This is a warning message","service":"your-service-name"}
{"level":"error","message":"This is an error message","service":"your-service-name"}
{"level":"info","message":"This is an info message","service":"your-service-name"}
{"level":"warn","message":"This is a warning message","service":"your-service-name"}
{"level":"error","message":"This is an error message","service":"your-service-name"}
{"level":"info","message":"This is an info message","service":"your-service-name"}
{"level":"warn","message":"This is a warning message","service":"your-service-name"}
{"level":"error","message":"This is an error message","service":"your-service-name"}
{"level":"info","message":"This is an info message","service":"your-service-name"}
{"level":"warn","message":"This is a warning message","service":"your-service-name"}
{"level":"error","message":"This is an error message","service":"your-service-name"}
{"level":"info","message":"This is an info message","service":"your-service-name"}
{"level":"warn","message":"This is a warning message","service":"your-service-name"}
{"level":"error","message":"This is an error message","service":"your-service-name"}
{"level":"info","message":"This is an info message","service":"your-service-name"}
{"level":"warn","message":"This is a warning message","service":"your-service-name"}
{"level":"error","message":"This is an error message","service":"your-service-name"}
{"level":"info","message":"This is an info message","service":"your-service-name"}
{"level":"warn","message":"This is a warning message","service":"your-service-name"}
{"level":"error","message":"This is an error message","service":"your-service-name"}
{"level":"info","message":"This is an info message","service":"your-service-name"}
{"level":"warn","message":"This is a warning message","service":"your-service-name"}
{"level":"error","message":"This is an error message","service":"your-service-name"}
{"level":"info","message":"This is an info message","service":"your-service-name"}
{"level":"warn","message":"This is a warning message","service":"your-service-name"}
{"level":"error","message":"This is an error message","service":"your-service-name"}
{"level":"info","message":"This is an info message","service":"your-service-name"}
{"level":"warn","message":"This is a warning message","service":"your-service-name"}
{"level":"error","message":"This is an error message","service":"your-service-name"}
{"level":"info","message":"This is an info message","service":"your-service-name"}
{"level":"warn","message":"This is a warning message","service":"your-service-name"}
{"level":"error","message":"This is an error message","service":"your-service-name"}
{"level":"info","message":"This is an info message","service":"your-service-name"}
{"level":"warn","message":"This is a warning message","service":"your-service-name"}
{"level":"error","message":"This is an error message","service":"your-service-name"}
<<<<<<< HEAD
=======
{"level":"info","message":"This is an info message","service":"your-service-name"}
{"level":"warn","message":"This is a warning message","service":"your-service-name"}
{"level":"error","message":"This is an error message","service":"your-service-name"}
{"level":"info","message":"This is an info message","service":"your-service-name"}
{"level":"warn","message":"This is a warning message","service":"your-service-name"}
{"level":"error","message":"This is an error message","service":"your-service-name"}
{"level":"info","message":"This is an info message","service":"your-service-name"}
{"level":"warn","message":"This is a warning message","service":"your-service-name"}
{"level":"error","message":"This is an error message","service":"your-service-name"}
{"level":"info","message":"This is an info message","service":"your-service-name"}
{"level":"warn","message":"This is a warning message","service":"your-service-name"}
{"level":"error","message":"This is an error message","service":"your-service-name"}
{"level":"info","message":"This is an info message","service":"your-service-name"}
{"level":"warn","message":"This is a warning message","service":"your-service-name"}
{"level":"error","message":"This is an error message","service":"your-service-name"}
{"level":"info","message":"This is an info message","service":"your-service-name"}
{"level":"warn","message":"This is a warning message","service":"your-service-name"}
{"level":"error","message":"This is an error message","service":"your-service-name"}
{"level":"info","message":"This is an info message","service":"your-service-name"}
{"level":"warn","message":"This is a warning message","service":"your-service-name"}
{"level":"error","message":"This is an error message","service":"your-service-name"}
{"level":"info","message":"This is an info message","service":"your-service-name"}
{"level":"warn","message":"This is a warning message","service":"your-service-name"}
{"level":"error","message":"This is an error message","service":"your-service-name"}
{"level":"info","message":"This is an info message","service":"your-service-name"}
{"level":"warn","message":"This is a warning message","service":"your-service-name"}
{"level":"error","message":"This is an error message","service":"your-service-name"}
{"level":"info","message":"This is an info message","service":"your-service-name"}
{"level":"warn","message":"This is a warning message","service":"your-service-name"}
{"level":"error","message":"This is an error message","service":"your-service-name"}
{"level":"info","message":"This is an info message","service":"your-service-name"}
{"level":"warn","message":"This is a warning message","service":"your-service-name"}
{"level":"error","message":"This is an error message","service":"your-service-name"}
{"level":"info","message":"This is an info message","service":"your-service-name"}
{"level":"warn","message":"This is a warning message","service":"your-service-name"}
{"level":"error","message":"This is an error message","service":"your-service-name"}
{"level":"info","message":"This is an info message","service":"your-service-name"}
{"level":"warn","message":"This is a warning message","service":"your-service-name"}
{"level":"error","message":"This is an error message","service":"your-service-name"}
{"level":"info","message":"This is an info message","service":"your-service-name"}
{"level":"warn","message":"This is a warning message","service":"your-service-name"}
{"level":"error","message":"This is an error message","service":"your-service-name"}
{"level":"info","message":"This is an info message","service":"your-service-name"}
{"level":"warn","message":"This is a warning message","service":"your-service-name"}
{"level":"error","message":"This is an error message","service":"your-service-name"}
{"level":"info","message":"This is an info message","service":"your-service-name"}
{"level":"warn","message":"This is a warning message","service":"your-service-name"}
{"level":"error","message":"This is an error message","service":"your-service-name"}
{"level":"info","message":"This is an info message","service":"your-service-name"}
{"level":"warn","message":"This is a warning message","service":"your-service-name"}
{"level":"error","message":"This is an error message","service":"your-service-name"}
{"level":"info","message":"This is an info message","service":"your-service-name"}
{"level":"warn","message":"This is a warning message","service":"your-service-name"}
{"level":"error","message":"This is an error message","service":"your-service-name"}
{"level":"info","message":"This is an info message","service":"your-service-name"}
{"level":"warn","message":"This is a warning message","service":"your-service-name"}
{"level":"error","message":"This is an error message","service":"your-service-name"}
{"level":"info","message":"This is an info message","service":"your-service-name"}
{"level":"warn","message":"This is a warning message","service":"your-service-name"}
{"level":"error","message":"This is an error message","service":"your-service-name"}
{"level":"info","message":"This is an info message","service":"your-service-name"}
{"level":"warn","message":"This is a warning message","service":"your-service-name"}
{"level":"error","message":"This is an error message","service":"your-service-name"}
{"level":"info","message":"This is an info message","service":"your-service-name"}
{"level":"warn","message":"This is a warning message","service":"your-service-name"}
{"level":"error","message":"This is an error message","service":"your-service-name"}
{"level":"info","message":"This is an info message","service":"your-service-name"}
{"level":"warn","message":"This is a warning message","service":"your-service-name"}
{"level":"error","message":"This is an error message","service":"your-service-name"}
{"level":"info","message":"This is an info message","service":"your-service-name"}
{"level":"warn","message":"This is a warning message","service":"your-service-name"}
{"level":"error","message":"This is an error message","service":"your-service-name"}
{"level":"info","message":"This is an info message","service":"your-service-name"}
{"level":"warn","message":"This is a warning message","service":"your-service-name"}
{"level":"error","message":"This is an error message","service":"your-service-name"}
{"level":"info","message":"This is an info message","service":"your-service-name"}
{"level":"warn","message":"This is a warning message","service":"your-service-name"}
{"level":"error","message":"This is an error message","service":"your-service-name"}
{"level":"info","message":"This is an info message","service":"your-service-name"}
{"level":"warn","message":"This is a warning message","service":"your-service-name"}
{"level":"error","message":"This is an error message","service":"your-service-name"}
{"level":"info","message":"This is an info message","service":"your-service-name"}
{"level":"warn","message":"This is a warning message","service":"your-service-name"}
{"level":"error","message":"This is an error message","service":"your-service-name"}
{"level":"info","message":"This is an info message","service":"your-service-name"}
{"level":"warn","message":"This is a warning message","service":"your-service-name"}
{"level":"error","message":"This is an error message","service":"your-service-name"}
{"level":"info","message":"This is an info message","service":"your-service-name"}
{"level":"warn","message":"This is a warning message","service":"your-service-name"}
{"level":"error","message":"This is an error message","service":"your-service-name"}
>>>>>>> 47c99ca8627eb819e79bc515bcc97c265bbaba24
{"level":"info","message":"This is an info message","service":"your-service-name"}
{"level":"warn","message":"This is a warning message","service":"your-service-name"}
{"level":"error","message":"This is an error message","service":"your-service-name"}
{"level":"info","message":"This is an info message","service":"your-service-name"}
{"level":"warn","message":"This is a warning message","service":"your-service-name"}
{"level":"error","message":"This is an error message","service":"your-service-name"}
{"level":"info","message":"This is an info message","service":"your-service-name"}
{"level":"warn","message":"This is a warning message","service":"your-service-name"}
{"level":"error","message":"This is an error message","service":"your-service-name"}
{"level":"info","message":"This is an info message","service":"your-service-name"}
{"level":"warn","message":"This is a warning message","service":"your-service-name"}
{"level":"error","message":"This is an error message","service":"your-service-name"}
{"level":"info","message":"This is an info message","service":"your-service-name"}
{"level":"warn","message":"This is a warning message","service":"your-service-name"}
{"level":"error","message":"This is an error message","service":"your-service-name"}
{"level":"info","message":"This is an info message","service":"your-service-name"}
{"level":"warn","message":"This is a warning message","service":"your-service-name"}
{"level":"error","message":"This is an error message","service":"your-service-name"}
{"level":"info","message":"This is an info message","service":"your-service-name"}
{"level":"warn","message":"This is a warning message","service":"your-service-name"}
{"level":"error","message":"This is an error message","service":"your-service-name"}
{"level":"info","message":"This is an info message","service":"your-service-name"}
{"level":"warn","message":"This is a warning message","service":"your-service-name"}
{"level":"error","message":"This is an error message","service":"your-service-name"}
{"level":"info","message":"This is an info message","service":"your-service-name"}
{"level":"warn","message":"This is a warning message","service":"your-service-name"}
{"level":"error","message":"This is an error message","service":"your-service-name"}
{"level":"info","message":"This is an info message","service":"your-service-name"}
{"level":"warn","message":"This is a warning message","service":"your-service-name"}
{"level":"error","message":"This is an error message","service":"your-service-name"}
{"level":"info","message":"This is an info message","service":"your-service-name"}
{"level":"warn","message":"This is a warning message","service":"your-service-name"}
{"level":"error","message":"This is an error message","service":"your-service-name"}
{"level":"info","message":"This is an info message","service":"your-service-name"}
{"level":"warn","message":"This is a warning message","service":"your-service-name"}
{"level":"error","message":"This is an error message","service":"your-service-name"}
{"level":"info","message":"This is an info message","service":"your-service-name"}
{"level":"warn","message":"This is a warning message","service":"your-service-name"}
{"level":"error","message":"This is an error message","service":"your-service-name"}
{"level":"info","message":"This is an info message","service":"your-service-name"}
{"level":"warn","message":"This is a warning message","service":"your-service-name"}
{"level":"error","message":"This is an error message","service":"your-service-name"}
{"level":"info","message":"This is an info message","service":"your-service-name"}
{"level":"warn","message":"This is a warning message","service":"your-service-name"}
{"level":"error","message":"This is an error message","service":"your-service-name"}
{"level":"info","message":"This is an info message","service":"your-service-name"}
{"level":"warn","message":"This is a warning message","service":"your-service-name"}
{"level":"error","message":"This is an error message","service":"your-service-name"}
{"level":"info","message":"This is an info message","service":"your-service-name"}
{"level":"warn","message":"This is a warning message","service":"your-service-name"}
{"level":"error","message":"This is an error message","service":"your-service-name"}
{"level":"info","message":"This is an info message","service":"your-service-name"}
{"level":"warn","message":"This is a warning message","service":"your-service-name"}
{"level":"error","message":"This is an error message","service":"your-service-name"}
{"level":"info","message":"This is an info message","service":"your-service-name"}
{"level":"warn","message":"This is a warning message","service":"your-service-name"}
{"level":"error","message":"This is an error message","service":"your-service-name"}
{"level":"info","message":"This is an info message","service":"your-service-name"}
{"level":"warn","message":"This is a warning message","service":"your-service-name"}
{"level":"error","message":"This is an error message","service":"your-service-name"}
{"level":"info","message":"This is an info message","service":"your-service-name"}
{"level":"warn","message":"This is a warning message","service":"your-service-name"}
{"level":"error","message":"This is an error message","service":"your-service-name"}
{"level":"info","message":"This is an info message","service":"your-service-name"}
{"level":"warn","message":"This is a warning message","service":"your-service-name"}
{"level":"error","message":"This is an error message","service":"your-service-name"}
{"level":"info","message":"This is an info message","service":"your-service-name"}
{"level":"warn","message":"This is a warning message","service":"your-service-name"}
{"level":"error","message":"This is an error message","service":"your-service-name"}
{"level":"info","message":"This is an info message","service":"your-service-name"}
{"level":"warn","message":"This is a warning message","service":"your-service-name"}
{"level":"error","message":"This is an error message","service":"your-service-name"}
{"level":"info","message":"This is an info message","service":"your-service-name"}
{"level":"warn","message":"This is a warning message","service":"your-service-name"}
{"level":"error","message":"This is an error message","service":"your-service-name"}
{"level":"info","message":"This is an info message","service":"your-service-name"}
{"level":"warn","message":"This is a warning message","service":"your-service-name"}
{"level":"error","message":"This is an error message","service":"your-service-name"}
{"level":"info","message":"This is an info message","service":"your-service-name"}
{"level":"warn","message":"This is a warning message","service":"your-service-name"}
{"level":"error","message":"This is an error message","service":"your-service-name"}
{"level":"info","message":"This is an info message","service":"your-service-name"}
{"level":"warn","message":"This is a warning message","service":"your-service-name"}
{"level":"error","message":"This is an error message","service":"your-service-name"}
{"level":"info","message":"This is an info message","service":"your-service-name"}
{"level":"warn","message":"This is a warning message","service":"your-service-name"}
{"level":"error","message":"This is an error message","service":"your-service-name"}
{"level":"info","message":"This is an info message","service":"your-service-name"}
{"level":"warn","message":"This is a warning message","service":"your-service-name"}
{"level":"error","message":"This is an error message","service":"your-service-name"}
{"level":"info","message":"This is an info message","service":"your-service-name"}
{"level":"warn","message":"This is a warning message","service":"your-service-name"}
{"level":"error","message":"This is an error message","service":"your-service-name"}
{"level":"info","message":"This is an info message","service":"your-service-name"}
{"level":"warn","message":"This is a warning message","service":"your-service-name"}
{"level":"error","message":"This is an error message","service":"your-service-name"}
{"level":"info","message":"This is an info message","service":"your-service-name"}
{"level":"warn","message":"This is a warning message","service":"your-service-name"}
{"level":"error","message":"This is an error message","service":"your-service-name"}
{"level":"info","message":"This is an info message","service":"your-service-name"}
{"level":"warn","message":"This is a warning message","service":"your-service-name"}
{"level":"error","message":"This is an error message","service":"your-service-name"}
